<?xml version="1.0" encoding="UTF-8"?>
<testng-results ignored="0" total="3" passed="0" failed="3" skipped="0">
  <reporter-output>
  </reporter-output>
  <suite started-at="2023-07-18T17:22:35 IST" name="Default suite" finished-at="2023-07-18T17:22:46 IST" duration-ms="10771">
    <groups>
      <group name="cucumber">
        <method signature="AbstractTestNGCucumberTests.runScenario(io.cucumber.testng.PickleWrapper,io.cucumber.testng.FeatureWrapper)[pri:0, instance:runner.Scenairo@55a147cc]" name="runScenario" class="io.cucumber.testng.AbstractTestNGCucumberTests"/>
      </group> <!-- cucumber -->
    </groups>
    <test started-at="2023-07-18T17:22:35 IST" name="Default test" finished-at="2023-07-18T17:22:46 IST" duration-ms="10771">
      <class name="runner.Scenairo">
        <test-method is-config="true" signature="setUpClass(org.testng.ITestContext)[pri:0, instance:runner.Scenairo@55a147cc]" started-at="2023-07-18T17:22:35 IST" name="setUpClass" finished-at="2023-07-18T17:22:37 IST" duration-ms="1781" status="PASS">
          <params>
            <param index="0">
              <value>
                <![CDATA[org.testng.TestRunner@7fae4d4a]]>
              </value>
            </param>
          </params>
          <reporter-output>
          </reporter-output>
        </test-method> <!-- setUpClass -->
        <test-method signature="runScenario(io.cucumber.testng.PickleWrapper,io.cucumber.testng.FeatureWrapper)[pri:0, instance:runner.Scenairo@55a147cc]" started-at="2023-07-18T17:22:37 IST" name="runScenario" description="Runs Cucumber Scenarios" data-provider="scenarios" finished-at="2023-07-18T17:22:43 IST" duration-ms="6206" status="FAIL">
          <params>
            <param index="0">
              <value>
                <![CDATA["Create Lead with different data"]]>
              </value>
            </param>
            <param index="1">
              <value>
                <![CDATA["Optional[Pass multiple data]"]]>
              </value>
            </param>
          </params>
          <exception class="org.openqa.selenium.remote.http.ConnectionFailedException">
            <message>
              <![CDATA[Unable to establish websocket connection to http://localhost:1864/devtools/browser/632e68a3-cd78-49f6-8bb8-f69928439439
Build info: version: '4.1.1', revision: 'e8fcc2cecf'
System info: host: 'TL1100', ip: '192.168.43.95', os.name: 'Windows 10', os.arch: 'amd64', os.version: '10.0', java.version: '16.0.1'
Driver info: driver.version: ChromeDriver]]>
            </message>
            <full-stacktrace>
              <![CDATA[org.openqa.selenium.remote.http.ConnectionFailedException: Unable to establish websocket connection to http://localhost:1864/devtools/browser/632e68a3-cd78-49f6-8bb8-f69928439439
Build info: version: '4.1.1', revision: 'e8fcc2cecf'
System info: host: 'TL1100', ip: '192.168.43.95', os.name: 'Windows 10', os.arch: 'amd64', os.version: '10.0', java.version: '16.0.1'
Driver info: driver.version: ChromeDriver
at org.openqa.selenium.remote.http.netty.NettyWebSocket.<init>(NettyWebSocket.java:104)
at org.openqa.selenium.remote.http.netty.NettyWebSocket.lambda$create$3(NettyWebSocket.java:137)
at org.openqa.selenium.remote.http.netty.NettyClient.openSocket(NettyClient.java:118)
at org.openqa.selenium.devtools.Connection.<init>(Connection.java:77)
at org.openqa.selenium.chromium.ChromiumDriver.lambda$new$2(ChromiumDriver.java:124)
at java.base/java.util.Optional.map(Optional.java:260)
at org.openqa.selenium.chromium.ChromiumDriver.<init>(ChromiumDriver.java:122)
at org.openqa.selenium.chrome.ChromeDriver.<init>(ChromeDriver.java:104)
at org.openqa.selenium.chrome.ChromeDriver.<init>(ChromeDriver.java:91)
at org.openqa.selenium.chrome.ChromeDriver.<init>(ChromeDriver.java:80)
at stepsdef.StepSO.Open_the_chrome_browser_and_maximize(StepSO.java:21)
at ✽.Open the chrome browser and maximize(file:///D:/MyWorkSpace/Cucumber/src/test/java/feature/Data.feature:4)
]]>
            </full-stacktrace>
          </exception> <!-- org.openqa.selenium.remote.http.ConnectionFailedException -->
          <reporter-output>
          </reporter-output>
        </test-method> <!-- runScenario -->
        <test-method signature="runScenario(io.cucumber.testng.PickleWrapper,io.cucumber.testng.FeatureWrapper)[pri:0, instance:runner.Scenairo@55a147cc]" started-at="2023-07-18T17:22:37 IST" name="runScenario" description="Runs Cucumber Scenarios" data-provider="scenarios" finished-at="2023-07-18T17:22:43 IST" duration-ms="6201" status="FAIL">
          <params>
            <param index="0">
              <value>
                <![CDATA["Create Lead with different data"]]>
              </value>
            </param>
            <param index="1">
              <value>
                <![CDATA["Optional[Pass multiple data]"]]>
              </value>
            </param>
          </params>
          <exception class="org.openqa.selenium.remote.http.ConnectionFailedException">
            <message>
              <![CDATA[Unable to establish websocket connection to http://localhost:1862/devtools/browser/7d605934-1cfc-414f-bde6-e6d4111378ed
Build info: version: '4.1.1', revision: 'e8fcc2cecf'
System info: host: 'TL1100', ip: '192.168.43.95', os.name: 'Windows 10', os.arch: 'amd64', os.version: '10.0', java.version: '16.0.1'
Driver info: driver.version: ChromeDriver]]>
            </message>
            <full-stacktrace>
              <![CDATA[org.openqa.selenium.remote.http.ConnectionFailedException: Unable to establish websocket connection to http://localhost:1862/devtools/browser/7d605934-1cfc-414f-bde6-e6d4111378ed
Build info: version: '4.1.1', revision: 'e8fcc2cecf'
System info: host: 'TL1100', ip: '192.168.43.95', os.name: 'Windows 10', os.arch: 'amd64', os.version: '10.0', java.version: '16.0.1'
Driver info: driver.version: ChromeDriver
at org.openqa.selenium.remote.http.netty.NettyWebSocket.<init>(NettyWebSocket.java:104)
at org.openqa.selenium.remote.http.netty.NettyWebSocket.lambda$create$3(NettyWebSocket.java:137)
at org.openqa.selenium.remote.http.netty.NettyClient.openSocket(NettyClient.java:118)
at org.openqa.selenium.devtools.Connection.<init>(Connection.java:77)
at org.openqa.selenium.chromium.ChromiumDriver.lambda$new$2(ChromiumDriver.java:124)
at java.base/java.util.Optional.map(Optional.java:260)
at org.openqa.selenium.chromium.ChromiumDriver.<init>(ChromiumDriver.java:122)
at org.openqa.selenium.chrome.ChromeDriver.<init>(ChromeDriver.java:104)
at org.openqa.selenium.chrome.ChromeDriver.<init>(ChromeDriver.java:91)
at org.openqa.selenium.chrome.ChromeDriver.<init>(ChromeDriver.java:80)
at stepsdef.StepSO.Open_the_chrome_browser_and_maximize(StepSO.java:21)
at ✽.Open the chrome browser and maximize(file:///D:/MyWorkSpace/Cucumber/src/test/java/feature/Data.feature:4)
]]>
            </full-stacktrace>
          </exception> <!-- org.openqa.selenium.remote.http.ConnectionFailedException -->
          <reporter-output>
          </reporter-output>
        </test-method> <!-- runScenario -->
        <test-method signature="runScenario(io.cucumber.testng.PickleWrapper,io.cucumber.testng.FeatureWrapper)[pri:0, instance:runner.Scenairo@55a147cc]" started-at="2023-07-18T17:22:37 IST" name="runScenario" description="Runs Cucumber Scenarios" data-provider="scenarios" finished-at="2023-07-18T17:22:43 IST" duration-ms="6196" status="FAIL">
          <params>
            <param index="0">
              <value>
                <![CDATA["Create Lead with different data"]]>
              </value>
            </param>
            <param index="1">
              <value>
                <![CDATA["Optional[Pass multiple data]"]]>
              </value>
            </param>
          </params>
          <exception class="org.openqa.selenium.remote.http.ConnectionFailedException">
            <message>
              <![CDATA[Unable to establish websocket connection to http://localhost:1863/devtools/browser/05d33887-1733-400f-a9d3-4f0b51224f7f
Build info: version: '4.1.1', revision: 'e8fcc2cecf'
System info: host: 'TL1100', ip: '192.168.43.95', os.name: 'Windows 10', os.arch: 'amd64', os.version: '10.0', java.version: '16.0.1'
Driver info: driver.version: ChromeDriver]]>
            </message>
            <full-stacktrace>
              <![CDATA[org.openqa.selenium.remote.http.ConnectionFailedException: Unable to establish websocket connection to http://localhost:1863/devtools/browser/05d33887-1733-400f-a9d3-4f0b51224f7f
Build info: version: '4.1.1', revision: 'e8fcc2cecf'
System info: host: 'TL1100', ip: '192.168.43.95', os.name: 'Windows 10', os.arch: 'amd64', os.version: '10.0', java.version: '16.0.1'
Driver info: driver.version: ChromeDriver
at org.openqa.selenium.remote.http.netty.NettyWebSocket.<init>(NettyWebSocket.java:104)
at org.openqa.selenium.remote.http.netty.NettyWebSocket.lambda$create$3(NettyWebSocket.java:137)
at org.openqa.selenium.remote.http.netty.NettyClient.openSocket(NettyClient.java:118)
at org.openqa.selenium.devtools.Connection.<init>(Connection.java:77)
at org.openqa.selenium.chromium.ChromiumDriver.lambda$new$2(ChromiumDriver.java:124)
at java.base/java.util.Optional.map(Optional.java:260)
at org.openqa.selenium.chromium.ChromiumDriver.<init>(ChromiumDriver.java:122)
at org.openqa.selenium.chrome.ChromeDriver.<init>(ChromeDriver.java:104)
at org.openqa.selenium.chrome.ChromeDriver.<init>(ChromeDriver.java:91)
at org.openqa.selenium.chrome.ChromeDriver.<init>(ChromeDriver.java:80)
at stepsdef.StepSO.Open_the_chrome_browser_and_maximize(StepSO.java:21)
at ✽.Open the chrome browser and maximize(file:///D:/MyWorkSpace/Cucumber/src/test/java/feature/Data.feature:4)
]]>
            </full-stacktrace>
          </exception> <!-- org.openqa.selenium.remote.http.ConnectionFailedException -->
          <reporter-output>
          </reporter-output>
        </test-method> <!-- runScenario -->
        <test-method is-config="true" signature="tearDownClass()[pri:0, instance:runner.Scenairo@55a147cc]" started-at="2023-07-18T17:22:44 IST" name="tearDownClass" finished-at="2023-07-18T17:22:46 IST" duration-ms="2595" status="PASS">
          <reporter-output>
          </reporter-output>
        </test-method> <!-- tearDownClass -->
      </class> <!-- runner.Scenairo -->
    </test> <!-- Default test -->
  </suite> <!-- Default suite -->
</testng-results>
